>> disp("Question #1");
Question #1
>> question1
innerRadius =  3
outerRadius =  4
The volume of the sphere is 154.985
>> disp("Question #2");
Question #2
>> question2
The molecular weight of hydrogen peroxide is 34.0146
>> disp("Question 3")
Question 3
>> length(rad = input('Please enter a string:'))
Please enter a string:november
error: 'november' undefined near line 1 column 1
>> length(rad = input('Please enter a string:'))
Please enter a string:'november'
ans =  8
>> disp('question 4')
question 4
>> x = input('Please enter an integer: ')
Please enter an integer: 1.2345
x =  1.2345
>> fprintf("%4.2f\n",x)
1.23
>> disp('QUESTION 5')
QUESTION 5
>> vec = input('Enter  a vector:')
Enter  a vector:4:5
vec =

   4   5

>> mymat = input('Enter a matrix: ')
Enter a matrix: [1 2 3 4 5;6 7 8 9 10]
mymat =

    1    2    3    4    5
    6    7    8    9   10

>> disp('QUESTION 6')
QUESTION 6
>> x = 12345.67890
x =  12345.67890
>> fprintf('%f', x)
12345.678900>> fprintf('%10.4f\n', x)
12345.6789
>> fprintf('%10.2f\n', x)
  12345.68
>> fprintf('%6.4f\n', x)
12345.6789
>> fprintf('%2.4f\n', x)
12345.6789
>> disp('QUESTION 7')
QUESTION 7
>> x = 12345
x =  12345
>> fprintf('%d\n', x)
12345
>> fprintf('%5d\n', x)
12345
>> fprintf('%8d\n', x)
   12345
>> fprintf('%3d\n', x)
12345
>> disp('QUESTION 7')
QUESTION 7
>> disp('QUESTION 8')
QUESTION 8
>> x = 12.34
x =  12.340
>> y= 4.56
y =  4.5600
>> fprintf('x is %2f',x)
x is 12.340000>> fprintf('x is %2.2f',x)
x is 12.34>> fprintf('x is %2.3f',x)
x is 12.340>> fprintf('x is %2.3f\n',x)
x is 12.340
>> fprintf('x is %.0f\n',x)
x is 12
>> fprintf('y is %3.1f\n',x)
y is 12.3
>> fprintf('y is %3.1f\n',y)
y is 4.6
>> fprintf('y is %3.1f\t\n',y)
y is 4.6	
>> fprintf('y is %3.1f\t!\n',y)
y is 4.6	!
>> disp('QUESTION 9')
QUESTION 9
>> question9
Enter a width: 4
Enter a width: 4.32
The area of your rectangle is 17.28>> question9
Enter a width: 4
Enter a width: 4.43
The area of your rectangle is 17.72
>> echoname
What is your name? Popbob
error: called from
    echoname at line 1 column 6
error: 'Popbob' undefined near line 1 column 1
>> echoname
What is your name? Suzane
Welcome Suzane!>> echoname
What is your name? Suzanne
Welcome Suzanne!
>> echoname
What is your name? Popbob
Welcome Popbob!
>> disp('QUESTION 10')
QUESTION 10
>> disp('QUESTION 11')
QUESTION 11
>> echostring
Enter you string: My string
stored = My string
Your string was: My string>> echostring
Enter you string: My string
stored = My string
Your string was: 'My string
'>> echostring
Enter you string: My String.
stored = My String.
Your string was: 'My String.'
>> disp('QUESTION 12')
QUESTION 12
>> question12
>> question12
Please input a degree measurement: 150
theta =  150
Your angle>> question12
Please input a degree measurement: 149
Your angle is 0.08>> question12
Please input a degree measurement: 180
Your angle is 0.08
>> question12
Please input a degree measurement: 180
Your angle is 0.08
>> question12
Please input a degree measurement: 180
Your angle is 3.14
>> question12
Please input a degree measurement: 150
Your angle is 2.62
>> question12
Please input a degree measurement: 90
Your angle is 1.57
>> display('QUESTION 13')
QUESTION 13
>> question12
Please input a degree measurement: 
>> question13
What is your annual income? 100_000
You will spend from $2.28000.000000 to $2.210000.000000 on food yearly.You will spend from $2.2666.666667 to $2.2833.333333 on food monthly.>> question13
What is your annual income? 100
You will spend from $2.28.000000 to $2.210.000000 on food yearly.
You will spend from $2.20.666667 to $2.20.833333 on food monthly.
>> question13
What is your annual income? 100
You will spend from $8.00 to $10.00 on food yearly.
You will spend from $0.67 to $0.83 on food monthly.
>> question13
What is your annual income? 100
You will spend from $8.00 to $10.00 on food yearly.
You will spend from $0.67 to $0.83 on food monthly.
>> question13 
What is your annual income? 100_000
You will spend from $8000.00 to $10000.00 on food yearly.
You will spend from $666.67 to $833.33 on food monthly.
>> 
>> disp("QUESTION 14")
QUESTION 14
>> help question14
'question14' is a script from the file D:\Documentos\ESCUELA\Programming 12\question14.m

This function calculates Wind Loading.



Additional help for built-in functions and operators is
available in the online version of the manual.  Use the command
'doc <topic>' to search the manual index.

Help and information about Octave is also available on the WWW
at https://www.octave.org and via the help@octave.org
mailing list.
>> question14
Enter plane weight (Kg): 100
Enter wing area (m^2): 10
error: called from
    question14 at line 5 column 9
error: 'weight' undefined near line 5 column 11
>> question14
Enter plane weight (Kg): 100
Enter wing area (m^2): 10
The wing loading is 10.00 Kg/m^2>> question14
Enter plane weight (Kg): 1000
Enter wing area (m^2): 10
The wing loading is 100.00 Kg/m^2
>> question15
>> display('QUESTION 16')
QUESTION 16
>> question16
>> display('QUESTION 17')
QUESTION 17
>> question17
>> display('QUESTION 18')
QUESTION 18
>> y = randi(100,1,10)
y =

   43   98   99   48    4   58   35   40   32    3

>> x = [1:length(y)]
x =

    1    2    3    4    5    6    7    8    9   10

>> plot(x,y,c<)
parse error:

  syntax error

>>> plot(x,y,c<)
               ^

>> plot(x,y,'c<');
>> display('QUESTION 19')
QUESTION 19
>> x = [1:10]
x =

    1    2    3    4    5    6    7    8    9   10

>> y = sin(x)
y =

 Columns 1 through 8:

   0.84147   0.90930   0.14112  -0.75680  -0.95892  -0.27942   0.65699   0.98936

 Columns 9 and 10:

   0.41212  -0.54402

>> plot(x,y)
>> x = [1:100]
x =

 Columns 1 through 14:

     1     2     3     4     5     6     7     8     9    10    11    12    13    14

 Columns 15 through 28:

    15    16    17    18    19    20    21    22    23    24    25    26    27    28

 Columns 29 through 42:

    29    30    31    32    33    34    35    36    37    38    39    40    41    42

 Columns 43 through 56:

    43    44    45    46    47    48    49    50    51    52    53    54    55    56

 Columns 57 through 70:

    57    58    59    60    61    62    63    64    65    66    67    68    69    70

 Columns 71 through 84:

    71    72    73    74    75    76    77    78    79    80    81    82    83    84

 Columns 85 through 98:

    85    86    87    88    89    90    91    92    93    94    95    96    97    98

 Columns 99 and 100:

    99   100

>> y = sin(x)
y =

 Columns 1 through 7:

   0.8414710   0.9092974   0.1411200  -0.7568025  -0.9589243  -0.2794155   0.6569866

 Columns 8 through 14:

   0.9893582   0.4121185  -0.5440211  -0.9999902  -0.5365729   0.4201670   0.9906074

 Columns 15 through 21:

   0.6502878  -0.2879033  -0.9613975  -0.7509872   0.1498772   0.9129453   0.8366556

 Columns 22 through 28:

  -0.0088513  -0.8462204  -0.9055784  -0.1323518   0.7625585   0.9563759   0.2709058

 Columns 29 through 35:

  -0.6636339  -0.9880316  -0.4040376   0.5514267   0.9999119   0.5290827  -0.4281827

 Columns 36 through 42:

  -0.9917789  -0.6435381   0.2963686   0.9637954   0.7451132  -0.1586227  -0.9165215

 Columns 43 through 49:

  -0.8317747   0.0177019   0.8509035   0.9017883   0.1235731  -0.7682547  -0.9537527

 Columns 50 through 56:

  -0.2623749   0.6702292   0.9866276   0.3959252  -0.5587890  -0.9997552  -0.5215510

 Columns 57 through 63:

   0.4361648   0.9928726   0.6367380  -0.3048106  -0.9661178  -0.7391807   0.1673557

 Columns 64 through 70:

   0.9200260   0.8268287  -0.0265512  -0.8555200  -0.8979277  -0.1147848   0.7738907

 Columns 71 through 77:

   0.9510547   0.2538234  -0.6767720  -0.9851463  -0.3877816   0.5661076   0.9995202

 Columns 78 through 84:

   0.5139785  -0.4441127  -0.9938887  -0.6298880   0.3132288   0.9683645   0.7331903

 Columns 85 through 91:

  -0.1760756  -0.9234584  -0.8218178   0.0353983   0.8600694   0.8939967   0.1059875

 Columns 92 through 98:

  -0.7794661  -0.9482821  -0.2452520   0.6832617   0.9835877   0.3796077  -0.5733819

 Columns 99 and 100:

  -0.9992068  -0.5063656

>> plot(x,y)
>> display('QUESTION 20')
QUESTION 20
>> load presures.dat 
>> altitudes = presures(,1:)
parse error:

  syntax error

>>> altitudes = presures(,1:)
                         ^

>> altitudes = presures(1,:)
altitudes =

   1000    288

>> altitudes = presures(:,1)
altitudes =

    1000
    2000
    3000
    5000
   10000

>> altitudes = altitudes'
altitudes =

    1000    2000    3000    5000   10000

>> temperatures = presures(:,2)
temperatures =

   288
   281
   269
   256
   223

>> temperatures = temperatures'
temperatures =

   288   281   269   256   223

>> plot(altitudes, temperatures)
>> question20
>> display('QUESTION 21')
QUESTION 21  96
   80   93   98   70   97

>> save x.dat x -ascii
>> y = randi(50, 2,6)+50
y =

   75   54   57   60   98   80
   81   88   77   58   79   58

>> clear
>> x = randi(50,3,5)+50
x =

   63   74   84   53   65
   59   81   64   94   83
   58   69   73   71   86

>> save randfile.dat x -ascii
>> y = randi(50,3,5)+50
y =

    64   100    90    94    52
    98    92   100    78    53
    83    67    65    69    85

>> save randfile.dat y -ascii -append
>> load randfile.dat
>> randfile
randfile =

    63    74    84    53    65
    59    81    64    94    83
    58    69    73    71    86
    64   100    90    94    52
    98    92   100    78    53
    83    67    65    69    85

>> display('QUESTION 22')
QUESTION 22
>> testtan = [-1 3 2;3 2 2; -1 1 3]
testtan =

  -1   3   2
   3   2   2
  -1   1   3

>> save testtan.dat testtan -ascii
>> load testtan.dat
>> tan(testtan)
ans =

  -1.55741  -0.14255  -2.18504
  -0.14255  -2.18504  -2.18504
  -1.55741   1.55741  -0.14255

>> display('QUESTION 23')
QUESTION 23
>> load years.dat
>> years
years =

   89   42   49   55   72   63   68   77   82   76   67
   90   45   50   56   59   62   68   75   77   75   66
   91   44   43   60   60   60   65   69   74   70   70

>> question23
>> fyears
fyears =

   1989   1942   1949   1955   1972   1963   1968   1977   1982   1976   1967
   1990   1945   1950   1956   1959   1962   1968   1975   1977   1975   1966
   1991   1944   1943   1960   1960   1960   1965   1969   1974   1970   1970

>> display('Question 24')
Question 24
>> calcrectarea(2,3)
ans =  6
>> display('QUESTION 25')
QUESTION 25
>> degf_to_K(124)
ans =  324.26
>> display('QUESTION 26')
QUESTION 26
>> hypsin(23)
parse error near line 3 of file D:\Documentos\ESCUELA\Programming 12\hypsin.m

  syntax error

>>> end
      ^

>> hypsin(23)
parse error near line 3 of file D:\Documentos\ESCUELA\Programming 12\hypsin.m

  syntax error

>>> end
      ^

>> hypsin(23)
ans =  9744803446.24889
>> display('QUESTION 27')
QUESTION 27
>> question27(32)
ans =  14.305
>> display('QUESTION 28')
QUESTION 28
>> question28(2,3,4)
ans =  32
>> diary off
